-------------------------------------------------------------------------------
>Log Session: Friday, October 14, 2022 at 10:33:38 AM Indochina Time
>System Info: 
  Product Version         = Apache NetBeans IDE 12.6
  Operating System        = Windows 10 version 10.0 running on amd64
  Java; VM; Vendor        = 17.0.4.1; Java HotSpot(TM) 64-Bit Server VM 17.0.4.1+1-LTS-2; Oracle Corporation
  Runtime                 = Java(TM) SE Runtime Environment 17.0.4.1+1-LTS-2
  Java Home               = C:\Program Files\Java\jdk-17.0.4.1
  System Locale; Encoding = en_US (nb); Cp1252
  Home Directory          = C:\Users\ASDF
  Current Directory       = E:\Java\NetBeans-12.6
  User Directory          = C:\Users\ASDF\AppData\Local\Temp\tmpnb
  Cache Directory         = C:\Users\ASDF\AppData\Local\Temp\tmpnb\var\cache
  Installation            = E:\Java\NetBeans-12.6\netbeans\nb
                            E:\Java\NetBeans-12.6\netbeans\ergonomics
                            E:\Java\NetBeans-12.6\netbeans\ide
                            E:\Java\NetBeans-12.6\netbeans\extide
                            E:\Java\NetBeans-12.6\netbeans\java
                            E:\Java\NetBeans-12.6\netbeans\apisupport
                            E:\Java\NetBeans-12.6\netbeans\webcommon
                            E:\Java\NetBeans-12.6\netbeans\websvccommon
                            E:\Java\NetBeans-12.6\netbeans\enterprise
                            E:\Java\NetBeans-12.6\netbeans\profiler
                            E:\Java\NetBeans-12.6\netbeans\php
                            E:\Java\NetBeans-12.6\netbeans\harness
                            E:\Java\NetBeans-12.6\netbeans\cpplite
                            E:\Java\NetBeans-12.6\netbeans\groovy
                            E:\Java\NetBeans-12.6\netbeans\javafx
                            E:\Java\NetBeans-12.6\netbeans\platform
  Boot & Ext. Classpath   = 
  Application Classpath   = E:\Java\NetBeans-12.6\netbeans\platform\lib\boot.jar;E:\Java\NetBeans-12.6\netbeans\platform\lib\org-openide-modules.jar;E:\Java\NetBeans-12.6\netbeans\platform\lib\org-openide-util-lookup.jar;E:\Java\NetBeans-12.6\netbeans\platform\lib\org-openide-util-ui.jar;E:\Java\NetBeans-12.6\netbeans\platform\lib\org-openide-util.jar
  Startup Classpath       = E:\Java\NetBeans-12.6\netbeans\platform\core\asm-9.2.jar;E:\Java\NetBeans-12.6\netbeans\platform\core\asm-commons-9.2.jar;E:\Java\NetBeans-12.6\netbeans\platform\core\asm-tree-9.2.jar;E:\Java\NetBeans-12.6\netbeans\platform\core\core-base.jar;E:\Java\NetBeans-12.6\netbeans\platform\core\core.jar;E:\Java\NetBeans-12.6\netbeans\platform\core\org-netbeans-libs-asm.jar;E:\Java\NetBeans-12.6\netbeans\platform\core\org-openide-filesystems-compat8.jar;E:\Java\NetBeans-12.6\netbeans\platform\core\org-openide-filesystems.jar;E:\Java\NetBeans-12.6\netbeans\nb\core\org-netbeans-upgrader.jar;E:\Java\NetBeans-12.6\netbeans\nb\core\locale\core_nb.jar
-------------------------------------------------------------------------------
INFO [org.netbeans.modules.netbinox]: Install area set to file:/E:/Java/NetBeans-12.6/netbeans/
WARNING [org.netbeans.core.modules]: the modules [org.netbeans.modules.xml.text] use org.netbeans.modules.editor.deprecated.pre65formatting which is deprecated.
WARNING [org.netbeans.core.modules]: the modules [org.netbeans.modules.ide.kit, org.netbeans.modules.xml.text] use org.netbeans.modules.editor.structure which is deprecated.
INFO [org.netbeans.core.startup.NbEvents]: Turning on modules:
	slf4j.jdk14 [1.7.28 1.7.28]
	slf4j.api [1.7.28 1.7.28]
	org.openide.util.lookup [8.48 12.6-9cacf1fd305b775b176576c8b633b10b73524861]
	org.openide.util [9.22 12.6-9cacf1fd305b775b176576c8b633b10b73524861]
	org.openide.util.ui [9.22 12.6-9cacf1fd305b775b176576c8b633b10b73524861]
	org.openide.modules [7.62 12.6-9cacf1fd305b775b176576c8b633b10b73524861]
	org.netbeans.api.annotations.common/1 [1.42 12.6-9cacf1fd305b775b176576c8b633b10b73524861]
	org.openide.filesystems [9.26 12.6-9cacf1fd305b775b176576c8b633b10b73524861]
	org.openide.awt [7.82 12.6-9cacf1fd305b775b176576c8b633b10b73524861]
	org.netbeans.api.progress/1 [1.62 12.6-9cacf1fd305b775b176576c8b633b10b73524861]
	org.netbeans.api.progress.nb [1.62 12.6-9cacf1fd305b775b176576c8b633b10b73524861]
	org.openide.dialogs [7.56 12.6-9cacf1fd305b775b176576c8b633b10b73524861]
	org.openide.nodes [7.59 12.6-9cacf1fd305b775b176576c8b633b10b73524861]
	org.openide.windows [6.91 12.6-9cacf1fd305b775b176576c8b633b10b73524861]
	org.netbeans.libs.batik.read [1.7.0.1 1 12.6-9cacf1fd305b775b176576c8b633b10b73524861]
	org.openide.util.ui.svg [1.8 12.6-9cacf1fd305b775b176576c8b633b10b73524861]
	org.netbeans.modules.editor.mimelookup/1 [1.54 12.6-9cacf1fd305b775b176576c8b633b10b73524861]
	org.openide.text [6.82 12.6-9cacf1fd305b775b176576c8b633b10b73524861]
	org.netbeans.api.scripting [1.11 12.6-9cacf1fd305b775b176576c8b633b10b73524861]
	org.netbeans.swing.tabcontrol [1.70 12.6-9cacf1fd305b775b176576c8b633b10b73524861]
	org.netbeans.swing.outline [1.48 12.6-9cacf1fd305b775b176576c8b633b10b73524861]
	org.openide.explorer [6.76 12.6-9cacf1fd305b775b176576c8b633b10b73524861]
	org.openide.actions [6.53 12.6-9cacf1fd305b775b176576c8b633b10b73524861]
	org.netbeans.modules.queries/1 [1.57 12.6-9cacf1fd305b775b176576c8b633b10b73524861]
	org.netbeans.api.templates [1.22 12.6-9cacf1fd305b775b176576c8b633b10b73524861]
	org.openide.filesystems.nb [9.24 12.6-9cacf1fd305b775b176576c8b633b10b73524861]
	org.openide.loaders [7.84 12.6-9cacf1fd305b775b176576c8b633b10b73524861]
	org.netbeans.api.intent [1.16 12.6-9cacf1fd305b775b176576c8b633b10b73524861]
	org.netbeans.api.io [1.17 12.6-9cacf1fd305b775b176576c8b633b10b73524861]
	org.openide.io [1.63 12.6-9cacf1fd305b775b176576c8b633b10b73524861]
	org.openide.filesystems.compat8 [9.23 12.6-9cacf1fd305b775b176576c8b633b10b73524861]
	org.openide.execution [9.17 12.6-9cacf1fd305b775b176576c8b633b10b73524861]
	org.openide.execution.compat8 [9.16 12.6-9cacf1fd305b775b176576c8b633b10b73524861]
	org.netbeans.upgrader [4.49 12.6-9cacf1fd305b775b176576c8b633b10b73524861]
	org.netbeans.swing.plaf [1.56 12.6-9cacf1fd305b775b176576c8b633b10b73524861]
	org.netbeans.modules.keyring [1.38 12.6-9cacf1fd305b775b176576c8b633b10b73524861]
	org.netbeans.libs.asm [5.17 12.6-9cacf1fd305b775b176576c8b633b10b73524861]
	org.netbeans.bootstrap/1 [2.92 12.6-9cacf1fd305b775b176576c8b633b10b73524861]
	org.netbeans.core.startup.base [1.76.0.1 1 12.6-9cacf1fd305b775b176576c8b633b10b73524861]
	org.netbeans.core.startup/1 [1.76.0.1 12.6-9cacf1fd305b775b176576c8b633b10b73524861]
	org.netbeans.modules.sampler [1.28 12.6-9cacf1fd305b775b176576c8b633b10b73524861]
	org.netbeans.core/2 [3.65 12.6-9cacf1fd305b775b176576c8b633b10b73524861]
	org.netbeans.spi.quicksearch [1.41 12.6-9cacf1fd305b775b176576c8b633b10b73524861]
	org.netbeans.modules.options.api/1 [1.59 12.6-9cacf1fd305b775b176576c8b633b10b73524861]
	org.netbeans.libs.flatlaf/1 [1.8 12.6-9cacf1fd305b775b176576c8b633b10b73524861]
	org.netbeans.swing.laf.flatlaf [1.7 12.6-9cacf1fd305b775b176576c8b633b10b73524861]
	org.netbeans.swing.laf.dark/1 [2.9.0.2 2 12.6-9cacf1fd305b775b176576c8b633b10b73524861]
	org.netbeans.modules.projectapi/1 [1.82 12.6-9cacf1fd305b775b176576c8b633b10b73524861]
	org.netbeans.swing.dirchooser [1.43 12.6-9cacf1fd305b775b176576c8b633b10b73524861]
	org.netbeans.spi.viewmodel/2 [1.65 12.6-9cacf1fd305b775b176576c8b633b10b73524861]
	org.netbeans.spi.tasklist/1 [1.49.0.1 1 12.6-9cacf1fd305b775b176576c8b633b10b73524861]
	org.netbeans.spi.palette/1 [1.60 12.6-9cacf1fd305b775b176576c8b633b10b73524861]
	org.netbeans.spi.navigator/1 [1.52 12.6-9cacf1fd305b775b176576c8b633b10b73524861]
	org.netbeans.modules.editor.settings/1 [1.71 12.6-9cacf1fd305b775b176576c8b633b10b73524861]
	org.netbeans.modules.editor.util/1 [1.79 12.6-9cacf1fd305b775b176576c8b633b10b73524861]
	org.netbeans.modules.editor.document [1.23.0.3 3 12.6-9cacf1fd305b775b176576c8b633b10b73524861]
	org.netbeans.modules.lexer/2 [1.77.0.1 1 12.6-9cacf1fd305b775b176576c8b633b10b73524861]
	org.netbeans.modules.editor.lib2/1 [2.34.0.55.3 55 12.6-9cacf1fd305b775b176576c8b633b10b73524861]
	org.netbeans.modules.editor.settings.lib [1.65.0.1 1 12.6-9cacf1fd305b775b176576c8b633b10b73524861]
	org.netbeans.modules.editor.fold/1 [1.59 12.6-9cacf1fd305b775b176576c8b633b10b73524861]
	org.netbeans.modules.editor.indent/2 [1.57 12.6-9cacf1fd305b775b176576c8b633b10b73524861]
	org.netbeans.modules.editor.guards/1 [1.47 12.6-9cacf1fd305b775b176576c8b633b10b73524861]
	org.netbeans.modules.editor.lib/3 [4.21.0.23.3.55 23 12.6-9cacf1fd305b775b176576c8b633b10b73524861]
	org.netbeans.spi.editor.hints/0 [1.56.0.7.55 7 12.6-9cacf1fd305b775b176576c8b633b10b73524861]
	org.netbeans.modules.projectuiapi.base/1 [1.99.0.9 9 12.6-9cacf1fd305b775b176576c8b633b10b73524861]
	org.netbeans.modules.projectuiapi/1 [1.102.0.8 8 12.6-9cacf1fd305b775b176576c8b633b10b73524861]
	org.netbeans.modules.editor.tools.storage [1.22 12.6-9cacf1fd305b775b176576c8b633b10b73524861]
	org.netbeans.api.lsp/1 [1.6 12.6-9cacf1fd305b775b176576c8b633b10b73524861]
	org.netbeans.modules.options.keymap [1.51 12.6-9cacf1fd305b775b176576c8b633b10b73524861]
	org.netbeans.modules.editor.settings.storage/1 [1.66.0.1 12.6-9cacf1fd305b775b176576c8b633b10b73524861]
	org.netbeans.modules.editor.fold.nbui [1.26.0.55 12.6-9cacf1fd305b775b176576c8b633b10b73524861]
	org.netbeans.modules.editor/3 [1.101.0.6.3.23.55 6 12.6-9cacf1fd305b775b176576c8b633b10b73524861]
	org.netbeans.modules.options.editor/1 [1.74 12.6-9cacf1fd305b775b176576c8b633b10b73524861]
	org.netbeans.spi.editor.hints.projects [1.25.0.1.7 1 12.6-9cacf1fd305b775b176576c8b633b10b73524861]
	org.netbeans.api.debugger/1 [1.69 12.6-9cacf1fd305b775b176576c8b633b10b73524861]
	org.netbeans.spi.debugger.ui/1 [2.72 12.6-9cacf1fd305b775b176576c8b633b10b73524861]
	org.netbeans.core.multiview/1 [1.58 12.6-9cacf1fd305b775b176576c8b633b10b73524861]
	org.netbeans.api.xml/1 [1.58 12.6-9cacf1fd305b775b176576c8b633b10b73524861]
	org.netbeans.modules.xml.core/2 [1.57.0.4 4 12.6-9cacf1fd305b775b176576c8b633b10b73524861]
	org.netbeans.modules.xml.xam/1 [1.46.0.1 1 12.6-9cacf1fd305b775b176576c8b633b10b73524861]
	org.netbeans.api.xml.ui/1 [1.58 12.6-9cacf1fd305b775b176576c8b633b10b73524861]
	org.apache.xml.resolver [1.45.0.12 12 12.6-9cacf1fd305b775b176576c8b633b10b73524861]
	org.netbeans.modules.xml.retriever/1 [1.45 12.6-9cacf1fd305b775b176576c8b633b10b73524861]
	org.netbeans.modules.xml.schema.model/1 [1.46.0.1 1 12.6-9cacf1fd305b775b176576c8b633b10b73524861]
	org.netbeans.modules.xml.axi [1.47 12.6-9cacf1fd305b775b176576c8b633b10b73524861]
	org.netbeans.modules.editor.indent.support [1.56 12.6-9cacf1fd305b775b176576c8b633b10b73524861]
	org.netbeans.api.java.classpath/1 [1.68 12.6-9cacf1fd305b775b176576c8b633b10b73524861]
	org.netbeans.libs.lucene/3 [3.33 12.6-9cacf1fd305b775b176576c8b633b10b73524861]
	org.netbeans.modules.masterfs/2 [2.69.0.2 2 12.6-9cacf1fd305b775b176576c8b633b10b73524861]
	org.netbeans.modules.parsing.lucene/2 [2.50.0.1 1 12.6-9cacf1fd305b775b176576c8b633b10b73524861]
	org.netbeans.modules.parsing.api/1 [9.21.0.8 8 12.6-9cacf1fd305b775b176576c8b633b10b73524861]
	org.netbeans.modules.editor.breadcrumbs/0 [1.31 12.6-9cacf1fd305b775b176576c8b633b10b73524861]
	org.netbeans.modules.editor.bracesmatching/0 [1.53.0.55 12.6-9cacf1fd305b775b176576c8b633b10b73524861]
	org.netbeans.modules.editor.deprecated.pre65formatting/0 [1.45.0.1.6.23.55 1 12.6-9cacf1fd305b775b176576c8b633b10b73524861]
	org.netbeans.modules.editor.errorstripe.api/1 [2.46.0.1 1 12.6-9cacf1fd305b775b176576c8b633b10b73524861]
	org.netbeans.modules.editor.errorstripe/2 [2.48.0.1.1 1 12.6-9cacf1fd305b775b176576c8b633b10b73524861]
	org.netbeans.modules.editor.completion/1 [1.58.0.2 2 12.6-9cacf1fd305b775b176576c8b633b10b73524861]
	org.netbeans.modules.editor.codetemplates/1 [1.58.0.1 1 12.6-9cacf1fd305b775b176576c8b633b10b73524861]
	org.netbeans.modules.editor.actions/1 [1.45.0.55 12.6-9cacf1fd305b775b176576c8b633b10b73524861]
	org.netbeans.modules.project.indexingbridge [1.31 12.6-9cacf1fd305b775b176576c8b633b10b73524861]
	org.netbeans.modules.parsing.indexing [9.23.0.1.3.8 1 12.6-9cacf1fd305b775b176576c8b633b10b73524861]
	org.netbeans.modules.diff/1 [1.65.0.42.1 42 12.6-9cacf1fd305b775b176576c8b633b10b73524861]
	org.netbeans.modules.refactoring.api [1.61.0.1 1 12.6-9cacf1fd305b775b176576c8b633b10b73524861]
	org.netbeans.modules.csl.types/1 [1.14 12.6-9cacf1fd305b775b176576c8b633b10b73524861]
	org.netbeans.core.ui/1 [1.59 12.6-9cacf1fd305b775b176576c8b633b10b73524861]
	org.netbeans.api.search [1.35 12.6-9cacf1fd305b775b176576c8b633b10b73524861]
	org.netbeans.modules.jumpto/1 [1.69.0.1 1 12.6-9cacf1fd305b775b176576c8b633b10b73524861]
	org.netbeans.modules.csl.api/2 [2.70.0.2.1.1.8.1 2 12.6-9cacf1fd305b775b176576c8b633b10b73524861]
	org.netbeans.modules.editor.structure/1 [1.61.0.1 1 12.6-9cacf1fd305b775b176576c8b633b10b73524861]
	org.netbeans.modules.xml.lexer [1.44 12.6-9cacf1fd305b775b176576c8b633b10b73524861]
	org.netbeans.modules.xml.text/2 [1.73.0.1 1 12.6-9cacf1fd305b775b176576c8b633b10b73524861]
	org.netbeans.modules.xml [1.47 12.6-9cacf1fd305b775b176576c8b633b10b73524861]
	org.netbeans.modules.servletapi/1 [1.53 12.6-9cacf1fd305b775b176576c8b633b10b73524861]
	org.netbeans.modules.httpserver/2 [2.50.0.42 42 12.6-9cacf1fd305b775b176576c8b633b10b73524861]
	org.netbeans.modules.xsl/1 [1.58 12.6-9cacf1fd305b775b176576c8b633b10b73524861]
	org.netbeans.modules.xml.xdm/1 [1.48.0.1 1 12.6-9cacf1fd305b775b176576c8b633b10b73524861]
	org.netbeans.libs.xerces/1 [1.52.0.281 281 12.6-9cacf1fd305b775b176576c8b633b10b73524861]
	org.netbeans.modules.xml.tax/2 [1.58.0.281 12.6-9cacf1fd305b775b176576c8b633b10b73524861]
	org.netbeans.modules.xml.tools/2 [1.57 12.6-9cacf1fd305b775b176576c8b633b10b73524861]
	org.netbeans.modules.xml.schema.completion [1.45 12.6-9cacf1fd305b775b176576c8b633b10b73524861]
	org.netbeans.modules.xml.catalog/2 [3.18.0.4 4 12.6-9cacf1fd305b775b176576c8b633b10b73524861]
	org.netbeans.modules.xml.catalog.ui [2.17.0.4 12.6-9cacf1fd305b775b176576c8b633b10b73524861]
	org.netbeans.core.execution/1 [1.56 12.6-9cacf1fd305b775b176576c8b633b10b73524861]
	org.netbeans.modules.sendopts/2 [2.50 12.6-9cacf1fd305b775b176576c8b633b10b73524861]
	org.netbeans.modules.favorites/1 [1.60 12.6-9cacf1fd305b775b176576c8b633b10b73524861]
	org.netbeans.modules.projectui [1.73.0.8.9 12.6-9cacf1fd305b775b176576c8b633b10b73524861]
	org.netbeans.modules.welcome/1 [1.56 12.6-9cacf1fd305b775b176576c8b633b10b73524861]
	org.netbeans.libs.json_simple/1 [0.26 12.6-9cacf1fd305b775b176576c8b633b10b73524861]
	org.netbeans.modules.web.common [1.113 12.6-9cacf1fd305b775b176576c8b633b10b73524861]
	org.netbeans.modules.web.indent [1.34 12.6-9cacf1fd305b775b176576c8b633b10b73524861]
	org.netbeans.modules.extexecution.base/2 [1.20 12.6-9cacf1fd305b775b176576c8b633b10b73524861]
	org.netbeans.modules.extexecution/2 [1.63 12.6-9cacf1fd305b775b176576c8b633b10b73524861]
	org.netbeans.modules.web.common.ui [1.15 12.6-9cacf1fd305b775b176576c8b633b10b73524861]
	org.netbeans.modules.gsf.testrunner/2 [2.26 12.6-9cacf1fd305b775b176576c8b633b10b73524861]
	org.netbeans.modules.gsf.testrunner.ui [1.29.0.1 12.6-9cacf1fd305b775b176576c8b633b10b73524861]
	org.netbeans.modules.gototest/1 [1.47 12.6-9cacf1fd305b775b176576c8b633b10b73524861]
	org.netbeans.modules.project.libraries/1 [1.67 12.6-9cacf1fd305b775b176576c8b633b10b73524861]
	org.netbeans.modules.project.libraries.ui/1 [1.66 12.6-9cacf1fd305b775b176576c8b633b10b73524861]
	org.netbeans.modules.html.indexing [1.4 12.6-9cacf1fd305b775b176576c8b633b10b73524861]
	org.netbeans.modules.extbrowser/1 [1.67 12.6-9cacf1fd305b775b176576c8b633b10b73524861]
	org.netbeans.modules.settings/1 [1.63 12.6-9cacf1fd305b775b176576c8b633b10b73524861]
	org.netbeans.modules.web.browser.api [1.59 12.6-9cacf1fd305b775b176576c8b633b10b73524861]
	org.netbeans.modules.gsf.codecoverage [1.46 12.6-9cacf1fd305b775b176576c8b633b10b73524861]
	org.netbeans.modules.project.spi.intern [1.17 12.6-9cacf1fd305b775b176576c8b633b10b73524861]
	org.netbeans.modules.project.ant/1 [1.81 12.6-9cacf1fd305b775b176576c8b633b10b73524861]
	org.netbeans.modules.web.clientproject.api [1.118 12.6-9cacf1fd305b775b176576c8b633b10b73524861]
	org.netbeans.modules.versioning.core/1 [1.45.0.1.42 1 12.6-9cacf1fd305b775b176576c8b633b10b73524861]
	org.netbeans.modules.versioning/1 [1.61.0.1 1 12.6-9cacf1fd305b775b176576c8b633b10b73524861]
	org.netbeans.modules.spellchecker.apimodule [1.39 12.6-9cacf1fd305b775b176576c8b633b10b73524861]
	org.netbeans.modules.versioning.util [1.84.0.42.1 12.6-9cacf1fd305b775b176576c8b633b10b73524861]
	org.netbeans.modules.team.commons [1.64 12.6-9cacf1fd305b775b176576c8b633b10b73524861]
	org.netbeans.modules.versioning.ui/1 [1.36.0.42.1 12.6-9cacf1fd305b775b176576c8b633b10b73524861]
	org.netbeans.modules.autoupdate.services [1.69 12.6-9cacf1fd305b775b176576c8b633b10b73524861]
	org.netbeans.modules.autoupdate.ui [1.60 12.6-9cacf1fd305b775b176576c8b633b10b73524861]
	org.netbeans.modules.versioning.system.cvss.installer [1.30 12.6-9cacf1fd305b775b176576c8b633b10b73524861]
	org.netbeans.modules.masterfs.ui [2.17.0.2 12.6-9cacf1fd305b775b176576c8b633b10b73524861]
	org.netbeans.modules.versioning.masterfs [1.28 12.6-9cacf1fd305b775b176576c8b633b10b73524861]
	org.netbeans.modules.versioning.indexingbridge/0 [1.39 12.6-9cacf1fd305b775b176576c8b633b10b73524861]
	org.netbeans.modules.utilities/1 [1.75 12.6-9cacf1fd305b775b176576c8b633b10b73524861]
	org.netbeans.modules.utilities.project/1 [1.52 12.6-9cacf1fd305b775b176576c8b633b10b73524861]
	org.netbeans.modules.javahelp/1 [2.55 12.6-9cacf1fd305b775b176576c8b633b10b73524861]
	org.netbeans.modules.usersguide/1 [1.62 12.6-9cacf1fd305b775b176576c8b633b10b73524861]
	org.netbeans.modules.updatecenters/1 [1.54 12.6-9cacf1fd305b775b176576c8b633b10b73524861]
	org.netbeans.lib.uihandler [1.59 12.6-9cacf1fd305b775b176576c8b633b10b73524861]
	org.netbeans.modules.uihandler [2.49 12.6-9cacf1fd305b775b176576c8b633b10b73524861]
	org.netbeans.modules.uihandler.exceptionreporter [1.43 12.6-9cacf1fd305b775b176576c8b633b10b73524861]
	org.netbeans.libs.jcodings/1 [0.3 12.6-9cacf1fd305b775b176576c8b633b10b73524861]
	com.google.gson [2.8.5 2.8.5]
	org.netbeans.modules.textmate.lexer/0 [1.14.0.1 1 12.6-9cacf1fd305b775b176576c8b633b10b73524861]
	org.netbeans.modules.terminal [1.41 12.6-9cacf1fd305b775b176576c8b633b10b73524861]
	org.netbeans.lib.terminalemulator [1.51 12.6-9cacf1fd305b775b176576c8b633b10b73524861]
	org.netbeans.modules.terminal.nb [1.14 12.6-9cacf1fd305b775b176576c8b633b10b73524861]
	org.netbeans.modules.templates/1 [1.21 12.6-9cacf1fd305b775b176576c8b633b10b73524861]
	org.netbeans.modules.team.ide [1.27 12.6-9cacf1fd305b775b176576c8b633b10b73524861]
	org.netbeans.modules.tasklist.ui/1 [1.45.0.1.1 1 12.6-9cacf1fd305b775b176576c8b633b10b73524861]
	org.netbeans.modules.tasklist.todo/1 [1.45.0.1 1 12.6-9cacf1fd305b775b176576c8b633b10b73524861]
	org.netbeans.modules.tasklist.projectint/1 [1.43 12.6-9cacf1fd305b775b176576c8b633b10b73524861]
	org.netbeans.modules.tasklist.kit [1.42 12.6-9cacf1fd305b775b176576c8b633b10b73524861]
	org.netbeans.libs.ini4j/1 [1.48 12.6-9cacf1fd305b775b176576c8b633b10b73524861]
	org.netbeans.libs.svnClientAdapter/1 [1.54 12.6-9cacf1fd305b775b176576c8b633b10b73524861]
	org.netbeans.modules.subversion [1.55.0.42.1 12.6-9cacf1fd305b775b176576c8b633b10b73524861]
	org.netbeans.modules.editor.plain.lib/1 [1.47 12.6-9cacf1fd305b775b176576c8b633b10b73524861]
	org.netbeans.modules.spellchecker [1.49.0.1.7 1 12.6-9cacf1fd305b775b176576c8b633b10b73524861]
	org.netbeans.modules.spellchecker.kit [1.39 12.6-9cacf1fd305b775b176576c8b633b10b73524861]
	org.netbeans.modules.spellchecker.dictionary_en [1.36 12.6-9cacf1fd305b775b176576c8b633b10b73524861]
	org.netbeans.modules.properties/1 [1.69 12.6-9cacf1fd305b775b176576c8b633b10b73524861]
	org.netbeans.modules.properties.syntax/1 [1.64 12.6-9cacf1fd305b775b176576c8b633b10b73524861]
	org.netbeans.modules.spellchecker.bindings.properties [1.36 12.6-9cacf1fd305b775b176576c8b633b10b73524861]
	org.netbeans.modules.html.lexer/1 [1.52 12.6-9cacf1fd305b775b176576c8b633b10b73524861]
	org.netbeans.modules.spellchecker.bindings.htmlxml [1.41 12.6-9cacf1fd305b775b176576c8b633b10b73524861]
	org.netbeans.core.ide/1 [1.55 12.6-9cacf1fd305b775b176576c8b633b10b73524861]
	org.netbeans.modules.server/0 [1.47 12.6-9cacf1fd305b775b176576c8b633b10b73524861]
	org.netbeans.modules.selenium2.server [1.17 12.6-9cacf1fd305b775b176576c8b633b10b73524861]
	org.netbeans.modules.selenium2 [1.19 12.6-9cacf1fd305b775b176576c8b633b10b73524861]
	org.netbeans.modules.selenium2.webclient [1.21 12.6-9cacf1fd305b775b176576c8b633b10b73524861]
	org.netbeans.modules.projectapi.nb [1.18 12.6-9cacf1fd305b775b176576c8b633b10b73524861]
	org.netbeans.modules.project.spi.intern.impl [1.17 12.6-9cacf1fd305b775b176576c8b633b10b73524861]
	org.netbeans.modules.project.ant.compat8/1 [1.81 12.6-9cacf1fd305b775b176576c8b633b10b73524861]
	org.netbeans.modules.progress.ui [1.47 12.6-9cacf1fd305b775b176576c8b633b10b73524861]
	org.netbeans.modules.print.editor [7.40 12.6-9cacf1fd305b775b176576c8b633b10b73524861]
	org.netbeans.modules.print [7.40 12.6-9cacf1fd305b775b176576c8b633b10b73524861]
	org.netbeans.modules.parsing.ui [1.28.0.1 12.6-9cacf1fd305b775b176576c8b633b10b73524861]
	org.netbeans.modules.parsing.nb [1.18.0.8.1 12.6-9cacf1fd305b775b176576c8b633b10b73524861]
	org.netbeans.core.windows/2 [2.99 12.6-9cacf1fd305b775b176576c8b633b10b73524861]
	org.netbeans.modules.notifications [1.22 12.6-9cacf1fd305b775b176576c8b633b10b73524861]
	org.netbeans.libs.osgi [1.36 12.6-9cacf1fd305b775b176576c8b633b10b73524861]
	org.netbeans.core.netigso [1.45 12.6-9cacf1fd305b775b176576c8b633b10b73524861]
	org.netbeans.modules.netbinox [1.55 12.6-9cacf1fd305b775b176576c8b633b10b73524861]
	org.netbeans.modules.nativeimage.api/0 [0.5 12.6-9cacf1fd305b775b176576c8b633b10b73524861]
	org.eclipse.mylyn.commons.net [3.17.0 3.17.0.v20150706-2057]
	org.eclipse.mylyn.tasks.core [3.17.0 3.17.0.v20150828-2026]
	org.eclipse.core.jobs [3.5.100 3.5.100.v20110404]
	org.eclipse.mylyn.wikitext.core [2.6.0 2.6.0.v20150901-2143]
	org.netbeans.modules.bugtracking [1.123 12.6-9cacf1fd305b775b176576c8b633b10b73524861]
	org.eclipse.equinox.common [3.6.0 3.6.0.v20110523]
	org.eclipse.core.runtime [3.7.0 3.7.0.v20110110]
	org.netbeans.modules.mylyn.util [1.50 12.6-9cacf1fd305b775b176576c8b633b10b73524861]
	org.netbeans.modules.mercurial [1.56.0.42.1 12.6-9cacf1fd305b775b176576c8b633b10b73524861]
	org.netbeans.libs.jna/2 [2.9 12.6-9cacf1fd305b775b176576c8b633b10b73524861]
	org.netbeans.modules.masterfs.windows [1.30 12.6-9cacf1fd305b775b176576c8b633b10b73524861]
	org.netbeans.modules.masterfs.nio2 [1.29 12.6-9cacf1fd305b775b176576c8b633b10b73524861]
	org.netbeans.modules.markdown [1.2 12.6-9cacf1fd305b775b176576c8b633b10b73524861]
	org.netbeans.libs.flexmark [1.7 12.6-9cacf1fd305b775b176576c8b633b10b73524861]
	com.google.guava [27.0.0 27.0.0.jre]
	org.netbeans.modules.lsp.client/0 [1.13.0.1.1 1 12.6-9cacf1fd305b775b176576c8b633b10b73524861]
	org.netbeans.modules.bugtracking.commons [1.22 12.6-9cacf1fd305b775b176576c8b633b10b73524861]
	org.netbeans.modules.localtasks [1.39 12.6-9cacf1fd305b775b176576c8b633b10b73524861]
	org.netbeans.modules.localhistory [1.48 12.6-9cacf1fd305b775b176576c8b633b10b73524861]
	org.netbeans.modules.lexer.nbbridge/1 [1.46.0.1 12.6-9cacf1fd305b775b176576c8b633b10b73524861]
	org.netbeans.libs.snakeyaml_engine/2 [2.3 12.6-9cacf1fd305b775b176576c8b633b10b73524861]
	org.netbeans.modules.languages.yaml [2.46 12.6-9cacf1fd305b775b176576c8b633b10b73524861]
	org.netbeans.modules.languages.manifest [1.46 12.6-9cacf1fd305b775b176576c8b633b10b73524861]
	org.netbeans.modules.languages.diff [1.47 12.6-9cacf1fd305b775b176576c8b633b10b73524861]
	org.netbeans.modules.keyring.fallback [1.22 12.6-9cacf1fd305b775b176576c8b633b10b73524861]
	org.netbeans.modules.keyring.impl [1.38 12.6-9cacf1fd305b775b176576c8b633b10b73524861]
	org.netbeans.modules.javascript2.debug/1 [1.32 12.6-9cacf1fd305b775b176576c8b633b10b73524861]
	org.netbeans.modules.javascript2.debug.ui/1 [1.17 12.6-9cacf1fd305b775b176576c8b633b10b73524861]
	org.netbeans.lib.v8debug/1 [1.30 12.6-9cacf1fd305b775b176576c8b633b10b73524861]
	org.netbeans.modules.javascript.v8debug/1 [1.24.0.1 1 12.6-9cacf1fd305b775b176576c8b633b10b73524861]
	org.netbeans.modules.javascript.v8debug.ui/1 [1.13.0.1 12.6-9cacf1fd305b775b176576c8b633b10b73524861]
	org.netbeans.modules.janitor [1.7 12.6-9cacf1fd305b775b176576c8b633b10b73524861]
	org.netbeans.modules.image/1 [1.62 12.6-9cacf1fd305b775b176576c8b633b10b73524861]
	org.netbeans.core.multitabs/1 [1.26.0.1 1 12.6-9cacf1fd305b775b176576c8b633b10b73524861]
	org.netbeans.modules.editor.bookmarks/1 [1.51 12.6-9cacf1fd305b775b176576c8b633b10b73524861]
	com.jcraft.jsch [0.1.55 0.1.55]
	org.netbeans.modules.dlight.nativeexecution [1.53.0.1 1 12.6-9cacf1fd305b775b176576c8b633b10b73524861]
	org.netbeans.modules.dlight.terminal [1.37.0.1 1 12.6-9cacf1fd305b775b176576c8b633b10b73524861]
	org.netbeans.core.multitabs.project [1.24.0.1.1 1 12.6-9cacf1fd305b775b176576c8b633b10b73524861]
	org.netbeans.modules.editor.search [1.39.0.0.55 0 12.6-9cacf1fd305b775b176576c8b633b10b73524861]
	org.netbeans.modules.html.editor.lib/3 [3.46 12.6-9cacf1fd305b775b176576c8b633b10b73524861]
	org.apache.commons.logging [1.2 1.2]
	org.netbeans.modules.html.parser/1 [1.48.0.1 1 12.6-9cacf1fd305b775b176576c8b633b10b73524861]
	org.netbeans.modules.html.validation/1 [1.45 12.6-9cacf1fd305b775b176576c8b633b10b73524861]
	org.netbeans.libs.antlr3.runtime [1.35.0.1 1 12.6-9cacf1fd305b775b176576c8b633b10b73524861]
	org.netbeans.modules.css.lib/1 [1.97 12.6-9cacf1fd305b775b176576c8b633b10b73524861]
	org.netbeans.modules.css.model [1.45 12.6-9cacf1fd305b775b176576c8b633b10b73524861]
	org.netbeans.modules.css.editor/1 [1.82 12.6-9cacf1fd305b775b176576c8b633b10b73524861]
	org.netbeans.modules.html/1 [1.75 12.6-9cacf1fd305b775b176576c8b633b10b73524861]
	org.netbeans.modules.html.editor/2 [2.70 12.6-9cacf1fd305b775b176576c8b633b10b73524861]
	org.netbeans.core.output2/1 [1.56 12.6-9cacf1fd305b775b176576c8b633b10b73524861]
	org.netbeans.modules.css.visual/3 [3.46 12.6-9cacf1fd305b775b176576c8b633b10b73524861]
	org.netbeans.modules.editor.autosave/1 [1.5 12.6-9cacf1fd305b775b176576c8b633b10b73524861]
	org.netbeans.modules.editor.kit [1.47 12.6-9cacf1fd305b775b176576c8b633b10b73524861]
	org.netbeans.modules.autoupdate.cli [1.28 12.6-9cacf1fd305b775b176576c8b633b10b73524861]
	org.netbeans.libs.felix [2.29 12.6-9cacf1fd305b775b176576c8b633b10b73524861]
	org.netbeans.modules.core.kit [1.45 12.6-9cacf1fd305b775b176576c8b633b10b73524861]
	org.netbeans.modules.defaults/1 [1.45 12.6-9cacf1fd305b775b176576c8b633b10b73524861]
	org.netbeans.modules.editor.macros/0 [1.45.0.1.23 1 12.6-9cacf1fd305b775b176576c8b633b10b73524861]
	org.netbeans.modules.editor.plain/2 [1.49 12.6-9cacf1fd305b775b176576c8b633b10b73524861]
	org.netbeans.modules.ide.kit [1.47 12.6-9cacf1fd305b775b176576c8b633b10b73524861]
	org.netbeans.modules.ide.ergonomics [1.41 12.6-9cacf1fd305b775b176576c8b633b10b73524861]
	org.netbeans.modules.autoupdate.pluginimporter [1.34 12.6-9cacf1fd305b775b176576c8b633b10b73524861]
	org.netbeans.modules.deadlock.detector [1.20 12.6-9cacf1fd305b775b176576c8b633b10b73524861]
	org.netbeans.modules.ide.branding/1 [1.46 12.6-9cacf1fd305b775b176576c8b633b10b73524861]
	org.netbeans.modules.ide.branding.kit [1.42 12.6-9cacf1fd305b775b176576c8b633b10b73524861]
	org.netbeans.libs.commons_net/2 [2.36.0.36 36 12.6-9cacf1fd305b775b176576c8b633b10b73524861]
	org.netbeans.modules.hudson [2.27 12.6-9cacf1fd305b775b176576c8b633b10b73524861]
	org.netbeans.modules.hudson.ui [1.25 12.6-9cacf1fd305b775b176576c8b633b10b73524861]
	org.netbeans.modules.hudson.tasklist [1.31 12.6-9cacf1fd305b775b176576c8b633b10b73524861]
	org.netbeans.modules.hudson.subversion [1.43 12.6-9cacf1fd305b775b176576c8b633b10b73524861]
	org.netbeans.modules.hudson.mercurial [1.43 12.6-9cacf1fd305b775b176576c8b633b10b73524861]
	org.netbeans.modules.hudson.git [1.32 12.6-9cacf1fd305b775b176576c8b633b10b73524861]
	org.netbeans.modules.html.custom [1.20 12.6-9cacf1fd305b775b176576c8b633b10b73524861]
	org.eclipse.jgit [5.7.0 5.7.0.202003110725-r]
	org.netbeans.libs.jna.platform/2 [2.9 12.6-9cacf1fd305b775b176576c8b633b10b73524861]
	org.netbeans.libs.jsch.agentproxy/1 [0.28 12.6-9cacf1fd305b775b176576c8b633b10b73524861]
	org.netbeans.libs.git/1 [1.47 12.6-9cacf1fd305b775b176576c8b633b10b73524861]
	org.netbeans.modules.git [1.36.0.1 12.6-9cacf1fd305b775b176576c8b633b10b73524861]
	org.netbeans.modules.extexecution.process.jdk9 [1.14 12.6-9cacf1fd305b775b176576c8b633b10b73524861]
	org.netbeans.modules.extexecution.process [1.41 12.6-9cacf1fd305b775b176576c8b633b10b73524861]
	org.netbeans.modules.extexecution.impl [1.39 12.6-9cacf1fd305b775b176576c8b633b10b73524861]
	org.netbeans.modules.editor.mimelookup.impl/1 [1.46 12.6-9cacf1fd305b775b176576c8b633b10b73524861]
	org.netbeans.modules.editor.indent.project/0 [1.36 12.6-9cacf1fd305b775b176576c8b633b10b73524861]
	org.netbeans.modules.editor.global.format/1 [1.29.0.1 1 12.6-9cacf1fd305b775b176576c8b633b10b73524861]
	org.netbeans.libs.commons_compress/0 [0.20.0.181 181 12.6-9cacf1fd305b775b176576c8b633b10b73524861]
	libs.c.kohlschutter.junixsocket/1 [2.29 12.6-9cacf1fd305b775b176576c8b633b10b73524861]
	org.netbeans.modules.docker.api/0 [1.34 12.6-9cacf1fd305b775b176576c8b633b10b73524861]
	org.netbeans.modules.docker.ui/0 [1.14 12.6-9cacf1fd305b775b176576c8b633b10b73524861]
	org.netbeans.modules.docker.editor/0 [1.14 12.6-9cacf1fd305b775b176576c8b633b10b73524861]
	org.netbeans.modules.dlight.nativeexecution.nb [1.14 12.6-9cacf1fd305b775b176576c8b633b10b73524861]
	org.netbeans.modules.db.metadata.model/1 [1.25 12.6-9cacf1fd305b775b176576c8b633b10b73524861]
	org.netbeans.modules.db/1 [1.80.0.30 30 12.6-9cacf1fd305b775b176576c8b633b10b73524861]
	org.netbeans.modules.dbapi [1.48.0.30 12.6-9cacf1fd305b775b176576c8b633b10b73524861]
	org.netbeans.modules.derby [1.54 12.6-9cacf1fd305b775b176576c8b633b10b73524861]
	org.netbeans.api.visual [2.62 12.6-9cacf1fd305b775b176576c8b633b10b73524861]
	org.netbeans.modules.db.sql.visualeditor/1 [2.46.0.30 12.6-9cacf1fd305b775b176576c8b633b10b73524861]
	org.netbeans.modules.db.dataview [1.47 12.6-9cacf1fd305b775b176576c8b633b10b73524861]
	org.netbeans.modules.db.core [1.51 12.6-9cacf1fd305b775b176576c8b633b10b73524861]
	org.netbeans.modules.db.sql.editor [1.50.0.30 12.6-9cacf1fd305b775b176576c8b633b10b73524861]
	org.netbeans.modules.db.mysql [0.42.0.2 2 12.6-9cacf1fd305b775b176576c8b633b10b73524861]
	org.netbeans.modules.db.drivers [1.44 12.6-9cacf1fd305b775b176576c8b633b10b73524861]
	org.netbeans.modules.db.kit [1.44 12.6-9cacf1fd305b775b176576c8b633b10b73524861]
	org.netbeans.modules.css.prep [1.44 12.6-9cacf1fd305b775b176576c8b633b10b73524861]
	org.eclipse.mylyn.bugzilla.core [3.17.0 3.17.0.v20150828-2026]
	org.apache.commons.httpclient [3.1.0 3.1.0]
	org.netbeans.modules.bugzilla [1.91 12.6-9cacf1fd305b775b176576c8b633b10b73524861]
	org.netbeans.modules.bugzilla.exceptionreporter [1.38 12.6-9cacf1fd305b775b176576c8b633b10b73524861]
	org.netbeans.modules.bugtracking.bridge [1.59 12.6-9cacf1fd305b775b176576c8b633b10b73524861]
	org.netbeans.libs.graalsdk [1.14 12.6-9cacf1fd305b775b176576c8b633b10b73524861]
	org.netbeans.libs.truffleapi [1.14 12.6-9cacf1fd305b775b176576c8b633b10b73524861]
	org.netbeans.libs.svnClientAdapter.javahl/1 [1.38 12.6-9cacf1fd305b775b176576c8b633b10b73524861]
	org.netbeans.libs.graaljs/2 [1.14 12.6-9cacf1fd305b775b176576c8b633b10b73524861]
	org.netbeans.libs.freemarker/1 [2.48.0.239 239 12.6-9cacf1fd305b775b176576c8b633b10b73524861]
	org.netbeans.core.network [1.26 12.6-9cacf1fd305b775b176576c8b633b10b73524861]
	org.netbeans.core.nativeaccess/1 [1.45 12.6-9cacf1fd305b775b176576c8b633b10b73524861]
	org.netbeans.core.io.ui/1 [1.44 12.6-9cacf1fd305b775b176576c8b633b10b73524861]
	org.netbeans.core.browser/1 [1.42.0.1 1 12.6-9cacf1fd305b775b176576c8b633b10b73524861]
	org.netbeans.api.progress.compat8 [1.61 12.6-9cacf1fd305b775b176576c8b633b10b73524861]
	org.eclipse.mylyn.commons.xmlrpc [3.17.0 3.17.0.v20150625-2042]
	org.eclipse.mylyn.commons.repositories.core [1.9.0 1.9.0.v20150625-2042]
	org.eclipse.mylyn.commons.core [3.17.0 3.17.0.v20150625-2042]
	org.eclipse.equinox.security [1.1.1 1.1.1.R37x_v20110822-1018]
	org.eclipse.equinox.registry [3.5.200 3.5.200.v20120522-1841]
	org.eclipse.equinox.preferences [3.4.2 3.4.2.v20120111-2020]
	org.eclipse.equinox.app [1.3.100 1.3.100.v20110321]
	org.eclipse.core.runtime.compatibility.auth [3.2.200 3.2.200.v20110110]
	org.eclipse.core.net [1.2.100 1.2.100.I20110511-0800]
	org.eclipse.core.contenttype [3.4.100 3.4.100.v20110423-0524]
	org.apache.xmlrpc [3.1.3 3.1.3]
	org.apache.ws.commons.util [1.0.1 1.0.1]
	org.apache.commons.lang [2.6 2.6]
	org.apache.commons.codec [1.13.0 1.13.0]
	com.jcraft.jzlib [1.1.3 1.1.3]
	com.googlecode.javaewah.JavaEWAH [1.1.6 1.1.6]
	bcprov [1.64 1.64]
	bcpg [1.64 1.64]
INFO [org.netbeans.core.netigso.Netigso]: bundle org.apache.commons.io@2.6.0 resolved
INFO [org.netbeans.core.netigso.Netigso]: bundle org.eclipse.mylyn.wikitext.textile.core@2.6.0.v20150901-2143 resolved
INFO [org.netbeans.core.netigso.Netigso]: bundle org.eclipse.mylyn.wikitext.confluence.core@2.6.0.v20150901-2143 resolved
INFO [org.netbeans.core.netigso.Netigso]: bundle org.eclipse.mylyn.wikitext.markdown.core@2.6.0.v20150901-2143 resolved
INFO [org.netbeans.core.netigso.Netigso]: bundle net.java.html.json@1.7.0 resolved
INFO [org.netbeans.core.netigso.Netigso]: bundle net.java.html.boot@1.7.0 resolved
INFO [org.netbeans.core.netigso.Netigso]: bundle org.netbeans.html.ko4j@1.7.0 resolved
INFO [org.netbeans.core.netigso.Netigso]: bundle net.java.html@1.7.0 resolved
INFO [org.netbeans.core.netigso.Netigso]: bundle net.java.html.boot.fx@1.7.0 resolved
INFO [org.netbeans.core.netigso.Netigso]: bundle net.java.html.boot.script@1.7.0 resolved
INFO [org.netbeans.core.netigso.Netigso]: bundle org.netbeans.html.xhr4j@1.7.0 resolved
INFO [org.netbeans.core.netigso.Netigso]: bundle net.java.html.sound@1.7.0 resolved
INFO [org.netbeans.core.netigso.Netigso]: bundle net.java.html.geo@1.7.0 resolved
INFO [org.netbeans.core.netigso.Netigso]: bundle org.eclipse.osgi@3.9.1.v20140110-1610 started
INFO [org.netbeans.core.network.proxy.NetworkProxyReloader]: System network proxy resolver: Windows
INFO [org.netbeans.core.network.proxy.windows.WindowsNetworkProxy]: Windows system proxy resolver: auto - PAC (http://127.0.0.1:86/)
INFO [org.netbeans.core.network.proxy.NetworkProxyReloader]: System network proxy reloading succeeded.
INFO [org.netbeans.core.network.proxy.ProxyAutoConfig]: InputStream for http://127.0.0.1:86/ throws 
java.net.ConnectException: Connection refused: connect
	at java.base/sun.nio.ch.Net.connect0(Native Method)
	at java.base/sun.nio.ch.Net.connect(Net.java:579)
	at java.base/sun.nio.ch.Net.connect(Net.java:568)
	at java.base/sun.nio.ch.NioSocketImpl.connect(NioSocketImpl.java:588)
	at java.base/java.net.Socket.connect(Socket.java:633)
	at java.base/java.net.Socket.connect(Socket.java:583)
	at java.base/sun.net.NetworkClient.doConnect(NetworkClient.java:183)
	at java.base/sun.net.www.http.HttpClient.openServer(HttpClient.java:532)
	at java.base/sun.net.www.http.HttpClient.openServer(HttpClient.java:637)
	at java.base/sun.net.www.http.HttpClient.<init>(HttpClient.java:280)
	at java.base/sun.net.www.http.HttpClient.New(HttpClient.java:385)
	at java.base/sun.net.www.http.HttpClient.New(HttpClient.java:407)
	at java.base/sun.net.www.protocol.http.HttpURLConnection.getNewHttpClient(HttpURLConnection.java:1309)
	at java.base/sun.net.www.protocol.http.HttpURLConnection.plainConnect0(HttpURLConnection.java:1287)
	at java.base/sun.net.www.protocol.http.HttpURLConnection$6.run(HttpURLConnection.java:1118)
	at java.base/sun.net.www.protocol.http.HttpURLConnection$6.run(HttpURLConnection.java:1116)
	at java.base/java.security.AccessController.doPrivileged(AccessController.java:712)
	at java.base/java.security.AccessController.doPrivilegedWithCombiner(AccessController.java:962)
	at java.base/sun.net.www.protocol.http.HttpURLConnection.plainConnect(HttpURLConnection.java:1115)
	at java.base/sun.net.www.protocol.http.HttpURLConnection.connect(HttpURLConnection.java:1057)
	at java.base/sun.net.www.protocol.http.HttpURLConnection.getInputStream0(HttpURLConnection.java:1665)
	at java.base/sun.net.www.protocol.http.HttpURLConnection$9.run(HttpURLConnection.java:1581)
	at java.base/sun.net.www.protocol.http.HttpURLConnection$9.run(HttpURLConnection.java:1579)
	at java.base/java.security.AccessController.doPrivileged(AccessController.java:712)
	at java.base/java.security.AccessController.doPrivilegedWithCombiner(AccessController.java:962)
	at java.base/sun.net.www.protocol.http.HttpURLConnection.getInputStream(HttpURLConnection.java:1578)
	at org.netbeans.core.network.proxy.ProxyAutoConfig.downloadPAC(ProxyAutoConfig.java:155)
[catch] at org.netbeans.core.network.proxy.ProxyAutoConfig.initEngine(ProxyAutoConfig.java:94)
	at org.netbeans.core.network.proxy.ProxyAutoConfig$1.run(ProxyAutoConfig.java:82)
	at org.openide.util.RequestProcessor$Task.run(RequestProcessor.java:1418)
	at org.netbeans.modules.openide.util.GlobalLookup.execute(GlobalLookup.java:45)
	at org.openide.util.lookup.Lookups.executeWith(Lookups.java:278)
	at org.openide.util.RequestProcessor$Processor.run(RequestProcessor.java:2033)
INFO [org.netbeans.core.network.proxy.NetworkProxyReloader]: System network proxy - mode: auto
INFO [org.netbeans.core.network.proxy.NetworkProxyReloader]: System network proxy - pac url: http://127.0.0.1:86/
INFO [org.netbeans.core.network.proxy.NetworkProxyReloader]: System network proxy TEST - http host: 
INFO [org.netbeans.core.network.proxy.NetworkProxyReloader]: System network proxy TEST - http port: 0
INFO [org.netbeans.core.netigso.Netigso]: bundle org.eclipse.osgi@3.9.1.v20140110-1610 256
INFO [org.netbeans.core.netigso.Netigso]: bundle org.eclipse.osgi@3.9.1.v20140110-1610 stopped
INFO [null]: Last record repeated again.
